<?xml version='1.0'?>
<ns2:test-suite xmlns:ns2='urn:model.allure.qatools.yandex.ru' start='1626684992260' stop='1626685036895'>
    <name>performing action on alerts practice in letcode application</name>
    <title>performing action on alerts practice in letcode application</title>
    <test-cases>
        <test-case start='1626684992261' status='passed' stop='1626684997803'>
            <name>login into  the application by calling the reasubale function</name>
            <title>login into  the application by calling the reasubale function</title>
            <labels>
                <label name='language' value='javascript'/>
                <label name='framework' value='wdio'/>
                <label name='thread' value='0-0'/>
            </labels>
            <parameters>
                <parameter kind='argument' name='browser' value='chrome-91.0.4472.124'/>
            </parameters>
            <steps/>
            <attachments/>
        </test-case>
        <test-case start='1626684997806' status='broken' stop='1626685036894'>
            <name>clicking on lets pratice button and naivaigte to dashboard page</name>
            <title>clicking on lets pratice button and naivaigte to dashboard page</title>
            <labels>
                <label name='language' value='javascript'/>
                <label name='framework' value='wdio'/>
                <label name='thread' value='0-0'/>
                <label name='language' value='javascript'/>
                <label name='framework' value='wdio'/>
                <label name='thread' value='0-0'/>
                <label name='language' value='javascript'/>
                <label name='framework' value='wdio'/>
                <label name='thread' value='0-0'/>
                <label name='language' value='javascript'/>
                <label name='framework' value='wdio'/>
                <label name='thread' value='0-0'/>
                <label name='language' value='javascript'/>
                <label name='framework' value='wdio'/>
                <label name='thread' value='0-0'/>
            </labels>
            <parameters>
                <parameter kind='argument' name='browser' value='chrome-91.0.4472.124'/>
                <parameter kind='argument' name='browser' value='chrome-91.0.4472.124'/>
                <parameter kind='argument' name='browser' value='chrome-91.0.4472.124'/>
                <parameter kind='argument' name='browser' value='chrome-91.0.4472.124'/>
                <parameter kind='argument' name='browser' value='chrome-91.0.4472.124'/>
            </parameters>
            <steps/>
            <attachments/>
            <failure>
                <message>expected 7 to equal 0</message>
                <stack-trace>AssertionError: expected 7 to equal 0
                    at Context.&lt;anonymous> (C:\Users\mylaptop\Music\AscendumSolutions\regressionTest\/final.js:163:63)
                    at Context.executeSync (C:\Users\mylaptop\Music\AscendumSolutions\node_modules\@wdio\sync\build\index.js:38:22)
                    at C:\Users\mylaptop\Music\AscendumSolutions\node_modules\@wdio\sync\build\index.js:69:68</stack-trace>
            </failure>
        </test-case>
    </test-cases>
</ns2:test-suite>