<?xml version='1.0'?>
<ns2:test-suite xmlns:ns2='urn:model.allure.qatools.yandex.ru' start='1626577597152' stop='1626577618892'>
    <name>performing action on alerts practice in letcode application</name>
    <title>performing action on alerts practice in letcode application</title>
    <test-cases>
        <test-case start='1626577597153' status='passed' stop='1626577608516'>
            <name>login into  the application by calling the reasubale function</name>
            <title>login into  the application by calling the reasubale function</title>
            <labels>
                <label name='language' value='javascript'/>
                <label name='framework' value='wdio'/>
                <label name='thread' value='0-0'/>
            </labels>
            <parameters>
                <parameter kind='argument' name='browser' value='chrome-91.0.4472.124'/>
            </parameters>
            <steps/>
            <attachments/>
        </test-case>
        <test-case start='1626577608517' status='passed' stop='1626577608759'>
            <name>clicking on lets pratice button and naivaigte to dashboard page</name>
            <title>clicking on lets pratice button and naivaigte to dashboard page</title>
            <labels>
                <label name='language' value='javascript'/>
                <label name='framework' value='wdio'/>
                <label name='thread' value='0-0'/>
            </labels>
            <parameters>
                <parameter kind='argument' name='browser' value='chrome-91.0.4472.124'/>
            </parameters>
            <steps/>
            <attachments/>
        </test-case>
        <test-case start='1626577608760' status='failed' stop='1626577608855'>
            <name>clicking on input button </name>
            <title>clicking on input button </title>
            <labels>
                <label name='language' value='javascript'/>
                <label name='framework' value='wdio'/>
                <label name='thread' value='0-0'/>
            </labels>
            <parameters>
                <parameter kind='argument' name='browser' value='chrome-91.0.4472.124'/>
            </parameters>
            <steps/>
            <attachments/>
            <failure>
                <message>expected 'Practice and become pro in test automation' to include 'Welcome Automation Engineer'</message>
                <stack-trace>AssertionError: expected 'Practice and become pro in test automation' to include 'Welcome Automation Engineer'
                    at Context.&lt;anonymous> (C:\Users\mylaptop\Music\AscendumSolutions\regressionTest\/grid.test.js:31:57)
                    at Context.executeSync (C:\Users\mylaptop\Music\AscendumSolutions\node_modules\@wdio\sync\build\index.js:38:22)
                    at C:\Users\mylaptop\Music\AscendumSolutions\node_modules\@wdio\sync\build\index.js:69:68</stack-trace>
            </failure>
        </test-case>
        <test-case start='1626577608857' status='failed' stop='1626577618891'>
            <name>validate the button functions</name>
            <title>validate the button functions</title>
            <labels>
                <label name='language' value='javascript'/>
                <label name='framework' value='wdio'/>
                <label name='thread' value='0-0'/>
            </labels>
            <parameters>
                <parameter kind='argument' name='browser' value='chrome-91.0.4472.124'/>
            </parameters>
            <steps/>
            <attachments/>
            <failure>
                <message>Expect $(`h1.title`) to have text containing
                
                Expected: "Alert"
                Received: "Practice and become pro in test automation"</message>
                <stack-trace>Error: Expect $(`h1.title`) to have text containing
                
                Expected: "Alert"
                Received: "Practice and become pro in test automation"
                    at Context.&lt;anonymous> (C:\Users\mylaptop\Music\AscendumSolutions\regressionTest\/grid.test.js:39:44)
                    at Context.executeSync (C:\Users\mylaptop\Music\AscendumSolutions\node_modules\@wdio\sync\build\index.js:38:22)
                    at C:\Users\mylaptop\Music\AscendumSolutions\node_modules\@wdio\sync\build\index.js:69:68</stack-trace>
            </failure>
        </test-case>
    </test-cases>
</ns2:test-suite>